<?xml version="1.0" encoding="UTF-8"?>
<testsuite xmlns:xsi="http://www.w3.org/2001/XMLSchema-instance" xsi:noNamespaceSchemaLocation="https://maven.apache.org/surefire/maven-surefire-plugin/xsd/surefire-test-report.xsd" version="3.0.2" name="cl.ubiobio.silkcorp.polygen_research.PolygenResearchApplicationTests" time="8.481" tests="1" errors="0" skipped="0" failures="0">
  <properties>
[...]
</properties>
  <testcase name="contextLoads" classname="cl.ubiobio.silkcorp.polygen_research.PolygenResearchApplicationTests" time="0.515">
    <system-out><![CDATA[22:21:47.863 [main] INFO org.springframework.test.context.support.AnnotationConfigContextLoaderUtils -- Could not detect default configuration classes for test class [cl.ubiobio.silkcorp.polygen_research.PolygenResearchApplicationTests]: PolygenResearchApplicationTests does not declare any static, non-private, non-final, nested classes annotated with @Configuration.
22:21:48.061 [main] INFO org.springframework.boot.test.context.SpringBootTestContextBootstrapper -- Found @SpringBootConfiguration cl.ubiobio.silkcorp.polygen_research.PolygenResearchApplication for test class cl.ubiobio.silkcorp.polygen_research.PolygenResearchApplicationTests
22:21:48.351 [main] INFO org.springframework.boot.devtools.restart.RestartApplicationListener -- Restart disabled due to context in which it is running

  .   ____          _            __ _ _
 /\\ / ___'_ __ _ _(_)_ __  __ _ \ \ \ \
( ( )\___ | '_ | '_| | '_ \/ _` | \ \ \ \
 \\/  ___)| |_)| | | | | || (_| |  ) ) ) )
  '  |____| .__|_| |_|_| |_\__, | / / / /
 =========|_|==============|___/=/_/_/_/

 :: Spring Boot ::                (v3.5.6)

2025-10-21T22:21:48.820-03:00  INFO 26128 --- [polygen_research] [           main] c.u.s.p.PolygenResearchApplicationTests  : Starting PolygenResearchApplicationTests using Java 24.0.1 with PID 26128 (started by mycyu in C:\Users\mycyu\OneDrive\Desktop\polygen_research\polygen_research)
2025-10-21T22:21:48.822-03:00  INFO 26128 --- [polygen_research] [           main] c.u.s.p.PolygenResearchApplicationTests  : No active profile set, falling back to 1 default profile: "default"
2025-10-21T22:21:49.901-03:00  INFO 26128 --- [polygen_research] [           main] .s.d.r.c.RepositoryConfigurationDelegate : Bootstrapping Spring Data JPA repositories in DEFAULT mode.
2025-10-21T22:21:50.037-03:00  INFO 26128 --- [polygen_research] [           main] .s.d.r.c.RepositoryConfigurationDelegate : Finished Spring Data repository scanning in 120 ms. Found 8 JPA repository interfaces.
2025-10-21T22:21:50.772-03:00  INFO 26128 --- [polygen_research] [           main] o.hibernate.jpa.internal.util.LogHelper  : HHH000204: Processing PersistenceUnitInfo [name: default]
2025-10-21T22:21:50.880-03:00  INFO 26128 --- [polygen_research] [           main] org.hibernate.Version                    : HHH000412: Hibernate ORM core version 6.6.29.Final
2025-10-21T22:21:50.945-03:00  INFO 26128 --- [polygen_research] [           main] o.h.c.internal.RegionFactoryInitiator    : HHH000026: Second-level cache disabled
2025-10-21T22:21:51.477-03:00  INFO 26128 --- [polygen_research] [           main] o.s.o.j.p.SpringPersistenceUnitInfo      : No LoadTimeWeaver setup: ignoring JPA class transformer
2025-10-21T22:21:51.530-03:00  INFO 26128 --- [polygen_research] [           main] com.zaxxer.hikari.HikariDataSource       : HikariPool-1 - Starting...
2025-10-21T22:21:51.813-03:00  INFO 26128 --- [polygen_research] [           main] com.zaxxer.hikari.pool.HikariPool        : HikariPool-1 - Added connection com.mysql.cj.jdbc.ConnectionImpl@57416e49
2025-10-21T22:21:51.816-03:00  INFO 26128 --- [polygen_research] [           main] com.zaxxer.hikari.HikariDataSource       : HikariPool-1 - Start completed.
2025-10-21T22:21:51.903-03:00  WARN 26128 --- [polygen_research] [           main] org.hibernate.dialect.Dialect            : HHH000511: The 5.5.5 version for [org.hibernate.dialect.MySQLDialect] is no longer supported, hence certain features may not work properly. The minimum supported version is 8.0.0. Check the community dialects project for available legacy versions.
2025-10-21T22:21:51.934-03:00  INFO 26128 --- [polygen_research] [           main] org.hibernate.orm.connections.pooling    : HHH10001005: Database info:
	Database JDBC URL [Connecting through datasource 'HikariDataSource (HikariPool-1)']
	Database driver: undefined/unknown
	Database version: 5.5.5
	Autocommit mode: undefined/unknown
	Isolation level: undefined/unknown
	Minimum pool size: undefined/unknown
	Maximum pool size: undefined/unknown
2025-10-21T22:21:53.284-03:00  INFO 26128 --- [polygen_research] [           main] o.h.e.t.j.p.i.JtaPlatformInitiator       : HHH000489: No JTA platform available (set 'hibernate.transaction.jta.platform' to enable JTA platform integration)
Hibernate: create table campo_crf (id_campo integer not null auto_increment, activo bit, descripcion varchar(100), nombre varchar(50), tipo varchar(50), primary key (id_campo)) engine=InnoDB
Hibernate: create table crf (id_crf integer not null auto_increment, estado varchar(20), fecha_consulta date, grupo varchar(30), observacion varchar(200), datos_paciente_id integer not null, primary key (id_crf)) engine=InnoDB
Hibernate: create table datos_crf (id_detalle integer not null auto_increment, valor varchar(30), campo_crf_id integer not null, crf_id integer not null, primary key (id_detalle)) engine=InnoDB
Hibernate: create table datos_paciente (id_paciente integer not null auto_increment, apellido varchar(30), codigo_paciente varchar(50), direccion varchar(100), estado varchar(20), nombre varchar(30), numero varchar(20), primary key (id_paciente)) engine=InnoDB
Hibernate: create table registro_actividad (id_registro integer not null auto_increment, fecha_actividad date, tipo_actividad varchar(50), crf_id integer not null, usuario_id integer not null, primary key (id_registro)) engine=InnoDB
Hibernate: create table rol_usuario (id_rol integer not null auto_increment, nombre_rol varchar(20), primary key (id_rol)) engine=InnoDB
Hibernate: create table usuario (id_usuario integer not null auto_increment, estado varchar(20), nombre_usuario varchar(100), rol_usuario_id integer not null, primary key (id_usuario)) engine=InnoDB
Hibernate: create table whitelist (id_lista integer not null auto_increment, contrasena varchar(100), correo varchar(150), usuario_id integer, primary key (id_lista)) engine=InnoDB
Hibernate: alter table datos_paciente drop index UKbk58l5vyd3bomp0ugbodwecxq
Hibernate: alter table datos_paciente add constraint UKbk58l5vyd3bomp0ugbodwecxq unique (codigo_paciente)
Hibernate: alter table whitelist drop index UKl7eol1boni49ly4tpl5cvjq0w
Hibernate: alter table whitelist add constraint UKl7eol1boni49ly4tpl5cvjq0w unique (correo)
Hibernate: alter table whitelist drop index UK8d6ep5fudnekoh7suknl7v80q
Hibernate: alter table whitelist add constraint UK8d6ep5fudnekoh7suknl7v80q unique (usuario_id)
Hibernate: alter table crf add constraint FKbhpq4n3vj3n1mepcphykg8p8p foreign key (datos_paciente_id) references datos_paciente (id_paciente)
Hibernate: alter table datos_crf add constraint FK8iw6w0g3grlk2b9euvs47l5nd foreign key (campo_crf_id) references campo_crf (id_campo)
Hibernate: alter table datos_crf add constraint FKegvtk9falid56ek6l3in4f81g foreign key (crf_id) references crf (id_crf)
Hibernate: alter table registro_actividad add constraint FKbtwmfy30ia9hhi09cyogjeoca foreign key (crf_id) references crf (id_crf)
Hibernate: alter table registro_actividad add constraint FKkiy78fsk9xhm4k458d9ftiwgi foreign key (usuario_id) references usuario (id_usuario)
Hibernate: alter table usuario add constraint FKhldivvrmovo1lkxebk495cecv foreign key (rol_usuario_id) references rol_usuario (id_rol)
Hibernate: alter table whitelist add constraint FKj5n4qnqm4vdxj8wegvl3turgv foreign key (usuario_id) references usuario (id_usuario)
2025-10-21T22:21:54.257-03:00  INFO 26128 --- [polygen_research] [           main] j.LocalContainerEntityManagerFactoryBean : Initialized JPA EntityManagerFactory for persistence unit 'default'
2025-10-21T22:21:54.882-03:00  WARN 26128 --- [polygen_research] [           main] JpaBaseConfiguration$JpaWebConfiguration : spring.jpa.open-in-view is enabled by default. Therefore, database queries may be performed during view rendering. Explicitly configure spring.jpa.open-in-view to disable this warning
2025-10-21T22:21:55.327-03:00  WARN 26128 --- [polygen_research] [           main] ion$DefaultTemplateResolverConfiguration : Cannot find template location: classpath:/templates/ (please add some templates, check your Thymeleaf configuration, or set spring.thymeleaf.check-template-location=false)
2025-10-21T22:21:55.575-03:00  INFO 26128 --- [polygen_research] [           main] c.u.s.p.PolygenResearchApplicationTests  : Started PolygenResearchApplicationTests in 7.245 seconds (process running for 8.686)
]]></system-out>
    <system-err><![CDATA[Mockito is currently self-attaching to enable the inline-mock-maker. This will no longer work in future releases of the JDK. Please add Mockito as an agent to your build as described in Mockito's documentation: https://javadoc.io/doc/org.mockito/mockito-core/latest/org.mockito/org/mockito/Mockito.html#0.3
WARNING: A Java agent has been loaded dynamically (C:\Users\mycyu\.m2\repository\net\bytebuddy\byte-buddy-agent\1.17.7\byte-buddy-agent-1.17.7.jar)
WARNING: If a serviceability tool is in use, please run with -XX:+EnableDynamicAgentLoading to hide this warning
WARNING: If a serviceability tool is not in use, please run with -Djdk.instrument.traceUsage for more information
WARNING: Dynamic loading of agents will be disallowed by default in a future release
]]></system-err>
  </testcase>
</testsuite>